0 info it worked if it ends with ok
1 verbose cli [ '/usr/local/bin/node',
1 verbose cli   '/usr/local/bin/npm',
1 verbose cli   'install',
1 verbose cli   'jquery',
1 verbose cli   '-S' ]
2 info using npm@3.10.10
3 info using node@v6.10.3
4 silly loadCurrentTree Starting
5 silly install loadCurrentTree
6 silly install readLocalPackageData
7 silly fetchPackageMetaData jquery
8 silly fetchNamedPackageData jquery
9 silly mapToRegistry name jquery
10 silly mapToRegistry using default registry
11 silly mapToRegistry registry http://r.cnpmjs.org/
12 silly mapToRegistry data Result {
12 silly mapToRegistry   raw: 'jquery',
12 silly mapToRegistry   scope: null,
12 silly mapToRegistry   escapedName: 'jquery',
12 silly mapToRegistry   name: 'jquery',
12 silly mapToRegistry   rawSpec: '',
12 silly mapToRegistry   spec: 'latest',
12 silly mapToRegistry   type: 'tag' }
13 silly mapToRegistry uri http://r.cnpmjs.org/jquery
14 verbose request uri http://r.cnpmjs.org/jquery
15 verbose request no auth needed
16 info attempt registry request try #1 at 12:49:18
17 verbose request id 39f1e2f614cb5d0d
18 http request GET http://r.cnpmjs.org/jquery
19 http 200 http://r.cnpmjs.org/jquery
20 verbose headers { server: 'nginx/1.4.6 (Ubuntu)',
20 verbose headers   date: 'Sun, 21 May 2017 04:49:02 GMT',
20 verbose headers   'content-type': 'application/json; charset=utf-8',
20 verbose headers   'transfer-encoding': 'chunked',
20 verbose headers   connection: 'keep-alive',
20 verbose headers   'x-current-requests': '1',
20 verbose headers   'x-readtime': '51',
20 verbose headers   'strict-transport-security': 'max-age=15768000',
20 verbose headers   'content-encoding': 'gzip' }
21 silly get cb [ 200,
21 silly get   { server: 'nginx/1.4.6 (Ubuntu)',
21 silly get     date: 'Sun, 21 May 2017 04:49:02 GMT',
21 silly get     'content-type': 'application/json; charset=utf-8',
21 silly get     'transfer-encoding': 'chunked',
21 silly get     connection: 'keep-alive',
21 silly get     'x-current-requests': '1',
21 silly get     'x-readtime': '51',
21 silly get     'strict-transport-security': 'max-age=15768000',
21 silly get     'content-encoding': 'gzip' } ]
22 verbose get saving jquery to /Users/sunyanyang/.npm/r.cnpmjs.org/jquery/.cache.json
23 verbose correctMkdir /Users/sunyanyang/.npm correctMkdir not in flight; initializing
24 silly install normalizeTree
25 silly loadCurrentTree Finishing
26 silly loadIdealTree Starting
27 silly install loadIdealTree
28 silly cloneCurrentTree Starting
29 silly install cloneCurrentTreeToIdealTree
30 silly cloneCurrentTree Finishing
31 silly loadShrinkwrap Starting
32 silly install loadShrinkwrap
33 silly loadShrinkwrap Finishing
34 silly loadAllDepsIntoIdealTree Starting
35 silly install loadAllDepsIntoIdealTree
36 silly resolveWithNewModule jquery@3.2.1 checking installable status
37 silly cache add args [ 'jquery', null ]
38 verbose cache add spec jquery
39 silly cache add parsed spec Result {
39 silly cache add   raw: 'jquery',
39 silly cache add   scope: null,
39 silly cache add   escapedName: 'jquery',
39 silly cache add   name: 'jquery',
39 silly cache add   rawSpec: '',
39 silly cache add   spec: 'latest',
39 silly cache add   type: 'tag' }
40 silly addNamed jquery@latest
41 verbose addNamed "latest" is being treated as a dist-tag for jquery
42 info addNameTag [ 'jquery', 'latest' ]
43 silly mapToRegistry name jquery
44 silly mapToRegistry using default registry
45 silly mapToRegistry registry http://r.cnpmjs.org/
46 silly mapToRegistry data Result {
46 silly mapToRegistry   raw: 'jquery',
46 silly mapToRegistry   scope: null,
46 silly mapToRegistry   escapedName: 'jquery',
46 silly mapToRegistry   name: 'jquery',
46 silly mapToRegistry   rawSpec: '',
46 silly mapToRegistry   spec: 'latest',
46 silly mapToRegistry   type: 'tag' }
47 silly mapToRegistry uri http://r.cnpmjs.org/jquery
48 verbose addNameTag registry:http://r.cnpmjs.org/jquery not in flight; fetching
49 verbose get http://r.cnpmjs.org/jquery not expired, no request
50 silly addNameTag next cb for jquery with tag latest
51 silly addNamed jquery@3.2.1
52 verbose addNamed "3.2.1" is a plain semver version for jquery
53 silly mapToRegistry name jquery
54 silly mapToRegistry using default registry
55 silly mapToRegistry registry http://r.cnpmjs.org/
56 silly mapToRegistry data Result {
56 silly mapToRegistry   raw: 'jquery',
56 silly mapToRegistry   scope: null,
56 silly mapToRegistry   escapedName: 'jquery',
56 silly mapToRegistry   name: 'jquery',
56 silly mapToRegistry   rawSpec: '',
56 silly mapToRegistry   spec: 'latest',
56 silly mapToRegistry   type: 'tag' }
57 silly mapToRegistry uri http://r.cnpmjs.org/jquery
58 verbose addRemoteTarball http://r.cnpmjs.org/jquery/download/jquery-3.2.1.tgz not in flight; adding
59 verbose addRemoteTarball [ 'http://r.cnpmjs.org/jquery/download/jquery-3.2.1.tgz',
59 verbose addRemoteTarball   '5c4d9de652af6cd0a770154a631bba12b015c787' ]
60 info retry fetch attempt 1 at 12:49:27
61 info attempt registry request try #1 at 12:49:27
62 http fetch GET http://r.cnpmjs.org/jquery/download/jquery-3.2.1.tgz
63 http fetch 200 http://r.cnpmjs.org/jquery/download/jquery-3.2.1.tgz
64 silly fetchAndShaCheck shasum 5c4d9de652af6cd0a770154a631bba12b015c787
65 silly rollbackFailedOptional Starting
66 silly rollbackFailedOptional Finishing
67 silly runTopLevelLifecycles Finishing
68 silly install printInstalled
69 verbose stack Error: shasum check failed for /tmp/npm-3567-9689556f/r.cnpmjs.org/jquery/download/jquery-3.2.1.tgz
69 verbose stack Expected: 5c4d9de652af6cd0a770154a631bba12b015c787
69 verbose stack Actual:   48271a7b88cebad24f4dc07892793c44b677dbf3
69 verbose stack From:     http://r.cnpmjs.org/jquery/download/jquery-3.2.1.tgz
69 verbose stack     at /usr/local/lib/node_modules/npm/node_modules/sha/index.js:25:8
69 verbose stack     at ReadStream.<anonymous> (/usr/local/lib/node_modules/npm/node_modules/sha/index.js:72:7)
69 verbose stack     at emitNone (events.js:91:20)
69 verbose stack     at ReadStream.emit (events.js:185:7)
69 verbose stack     at endReadableNT (_stream_readable.js:974:12)
69 verbose stack     at _combinedTickCallback (internal/process/next_tick.js:80:11)
69 verbose stack     at process._tickCallback (internal/process/next_tick.js:104:9)
70 verbose cwd /Users/sunyanyang/NodeProjects/homework/周末班/sunyanyang
71 error Darwin 14.3.0
72 error argv "/usr/local/bin/node" "/usr/local/bin/npm" "install" "jquery" "-S"
73 error node v6.10.3
74 error npm  v3.10.10
75 error shasum check failed for /tmp/npm-3567-9689556f/r.cnpmjs.org/jquery/download/jquery-3.2.1.tgz
75 error Expected: 5c4d9de652af6cd0a770154a631bba12b015c787
75 error Actual:   48271a7b88cebad24f4dc07892793c44b677dbf3
75 error From:     http://r.cnpmjs.org/jquery/download/jquery-3.2.1.tgz
76 error If you need help, you may report this error at:
76 error     <https://github.com/npm/npm/issues>
77 verbose exit [ 1, true ]
